# JRE version: Java(TM) SE Runtime Environment (19.0.2+7) (build 19.0.2+7-44)
# Java VM: Java HotSpot(TM) 64-Bit Server VM (19.0.2+7-44, mixed mode, sharing, tiered, compressed oops, compressed class ptrs, g1 gc, windows-amd64)
GC Precious Log:
 CardTable entry size: 512
 Card Set container configuration: InlinePtr #cards 5 size 8 Array Of Cards #cards 12 size 40 Howl #buckets 4 coarsen threshold 1843 Howl Bitmap #cards 512 size 80 coarsen threshold 460 Card regions per heap region 1 cards per card region 2048
 CPUs: 8 total, 8 available
 Memory: 7834M
 Large Page Support: Disabled
 NUMA Support: Disabled
 Compressed Oops: Enabled (32-bit)
 Heap Region Size: 1M
 Heap Min Capacity: 8M
 Heap Initial Capacity: 124M
 Heap Max Capacity: 2G
 Pre-touch: Disabled
 Parallel Workers: 8
 Concurrent Workers: 2
 Concurrent Refinement Workers: 8
 Periodic GC: Disabled
Heap:
 garbage-first heap   total 107520K, used 52534K [0x0000000080000000, 0x0000000100000000)
  region size 1024K, 13 young (13312K), 4 survivors (4096K)
 Metaspace       used 59938K, committed 61504K, reserved 487424K
  class space    used 8283K, committed 9088K, reserved 421888K
GC Heap History (20 events):
Event: 14.065 GC heap before
{Heap before GC invocations=7 (full 0):
 garbage-first heap   total 89088K, used 28394K [0x0000000080000000, 0x0000000100000000)
  region size 1024K, 6 young (6144K), 5 survivors (5120K)
 Metaspace       used 27545K, committed 28608K, reserved 487424K
  class space    used 4000K, committed 4544K, reserved 421888K
}
Event: 14.072 GC heap after
{Heap after GC invocations=8 (full 0):
 garbage-first heap   total 89088K, used 27763K [0x0000000080000000, 0x0000000100000000)
  region size 1024K, 1 young (1024K), 1 survivors (1024K)
 Metaspace       used 27545K, committed 28608K, reserved 487424K
  class space    used 4000K, committed 4544K, reserved 421888K
}
Event: 15.919 GC heap before
{Heap before GC invocations=8 (full 0):
 garbage-first heap   total 89088K, used 66675K [0x0000000080000000, 0x0000000100000000)
  region size 1024K, 40 young (40960K), 1 survivors (1024K)
 Metaspace       used 33302K, committed 34496K, reserved 487424K
  class space    used 4762K, committed 5376K, reserved 421888K
}
Event: 15.922 GC heap after
{Heap after GC invocations=9 (full 0):
 garbage-first heap   total 89088K, used 29790K [0x0000000080000000, 0x0000000100000000)
  region size 1024K, 3 young (3072K), 3 survivors (3072K)
 Metaspace       used 33302K, committed 34496K, reserved 487424K
  class space    used 4762K, committed 5376K, reserved 421888K
}
Event: 16.590 GC heap before
{Heap before GC invocations=9 (full 0):
 garbage-first heap   total 89088K, used 52318K [0x0000000080000000, 0x0000000100000000)
  region size 1024K, 27 young (27648K), 3 survivors (3072K)
 Metaspace       used 34904K, committed 36096K, reserved 487424K
  class space    used 5051K, committed 5696K, reserved 421888K
}
Event: 16.594 GC heap after
{Heap after GC invocations=10 (full 0):
 garbage-first heap   total 89088K, used 30592K [0x0000000080000000, 0x0000000100000000)
  region size 1024K, 4 young (4096K), 4 survivors (4096K)
 Metaspace       used 34904K, committed 36096K, reserved 487424K
  class space    used 5051K, committed 5696K, reserved 421888K
}
Event: 17.301 GC heap before
{Heap before GC invocations=11 (full 0):
 garbage-first heap   total 89088K, used 68480K [0x0000000080000000, 0x0000000100000000)
  region size 1024K, 42 young (43008K), 4 survivors (4096K)
 Metaspace       used 36082K, committed 37312K, reserved 487424K
  class space    used 5200K, committed 5824K, reserved 421888K
}
Event: 17.307 GC heap after
{Heap after GC invocations=12 (full 0):
 garbage-first heap   total 89088K, used 33258K [0x0000000080000000, 0x0000000100000000)
  region size 1024K, 5 young (5120K), 5 survivors (5120K)
 Metaspace       used 36082K, committed 37312K, reserved 487424K
  class space    used 5200K, committed 5824K, reserved 421888K
}
Event: 17.318 GC heap before
{Heap before GC invocations=12 (full 0):
 garbage-first heap   total 89088K, used 34282K [0x0000000080000000, 0x0000000100000000)
  region size 1024K, 6 young (6144K), 5 survivors (5120K)
 Metaspace       used 36082K, committed 37312K, reserved 487424K
  class space    used 5200K, committed 5824K, reserved 421888K
}
Event: 17.326 GC heap after
{Heap after GC invocations=13 (full 0):
 garbage-first heap   total 89088K, used 33380K [0x0000000080000000, 0x0000000100000000)
  region size 1024K, 1 young (1024K), 1 survivors (1024K)
 Metaspace       used 36082K, committed 37312K, reserved 487424K
  class space    used 5200K, committed 5824K, reserved 421888K
}
Event: 19.047 GC heap before
{Heap before GC invocations=13 (full 0):
 garbage-first heap   total 89088K, used 69220K [0x0000000080000000, 0x0000000100000000)
  region size 1024K, 37 young (37888K), 1 survivors (1024K)
 Metaspace       used 39563K, committed 40832K, reserved 487424K
  class space    used 5621K, committed 6272K, reserved 421888K
}
Event: 19.050 GC heap after
{Heap after GC invocations=14 (full 0):
 garbage-first heap   total 107520K, used 35007K [0x0000000080000000, 0x0000000100000000)
  region size 1024K, 3 young (3072K), 3 survivors (3072K)
 Metaspace       used 39563K, committed 40832K, reserved 487424K
  class space    used 5621K, committed 6272K, reserved 421888K
}
Event: 22.833 GC heap before
{Heap before GC invocations=14 (full 0):
 garbage-first heap   total 107520K, used 89279K [0x0000000080000000, 0x0000000100000000)
  region size 1024K, 51 young (52224K), 3 survivors (3072K)
 Metaspace       used 46981K, committed 48448K, reserved 487424K
  class space    used 6474K, committed 7232K, reserved 421888K
}
Event: 22.842 GC heap after
{Heap after GC invocations=15 (full 0):
 garbage-first heap   total 107520K, used 40218K [0x0000000080000000, 0x0000000100000000)
  region size 1024K, 7 young (7168K), 7 survivors (7168K)
 Metaspace       used 46981K, committed 48448K, reserved 487424K
  class space    used 6474K, committed 7232K, reserved 421888K
}
Event: 24.699 GC heap before
{Heap before GC invocations=15 (full 0):
 garbage-first heap   total 107520K, used 84250K [0x0000000080000000, 0x0000000100000000)
  region size 1024K, 50 young (51200K), 7 survivors (7168K)
 Metaspace       used 49157K, committed 50752K, reserved 487424K
  class space    used 6807K, committed 7616K, reserved 421888K
}
Event: 24.708 GC heap after
{Heap after GC invocations=16 (full 0):
 garbage-first heap   total 107520K, used 41852K [0x0000000080000000, 0x0000000100000000)
  region size 1024K, 2 young (2048K), 2 survivors (2048K)
 Metaspace       used 49157K, committed 50752K, reserved 487424K
  class space    used 6807K, committed 7616K, reserved 421888K
}
Event: 31.304 GC heap before
{Heap before GC invocations=16 (full 0):
 garbage-first heap   total 107520K, used 85884K [0x0000000080000000, 0x0000000100000000)
  region size 1024K, 45 young (46080K), 2 survivors (2048K)
 Metaspace       used 53641K, committed 55296K, reserved 487424K
  class space    used 7534K, committed 8384K, reserved 421888K
}
Event: 31.316 GC heap after
{Heap after GC invocations=17 (full 0):
 garbage-first heap   total 107520K, used 43174K [0x0000000080000000, 0x0000000100000000)
  region size 1024K, 3 young (3072K), 3 survivors (3072K)
 Metaspace       used 53641K, committed 55296K, reserved 487424K
  class space    used 7534K, committed 8384K, reserved 421888K
}
Event: 34.634 GC heap before
{Heap before GC invocations=17 (full 0):
 garbage-first heap   total 107520K, used 80038K [0x0000000080000000, 0x0000000100000000)
  region size 1024K, 39 young (39936K), 3 survivors (3072K)
 Metaspace       used 58737K, committed 60288K, reserved 487424K
  class space    used 8089K, committed 8896K, reserved 421888K
}
Event: 34.649 GC heap after
{Heap after GC invocations=18 (full 0):
 garbage-first heap   total 107520K, used 44342K [0x0000000080000000, 0x0000000100000000)
  region size 1024K, 4 young (4096K), 4 survivors (4096K)
 Metaspace       used 58737K, committed 60288K, reserved 487424K
  class space    used 8089K, committed 8896K, reserved 421888K
}

