# JRE version: Java(TM) SE Runtime Environment (19.0.2+7) (build 19.0.2+7-44)
# Java VM: Java HotSpot(TM) 64-Bit Server VM (19.0.2+7-44, mixed mode, sharing, tiered, compressed oops, compressed class ptrs, g1 gc, windows-amd64)
GC Precious Log:
 CardTable entry size: 512
 Card Set container configuration: InlinePtr #cards 5 size 8 Array Of Cards #cards 12 size 40 Howl #buckets 4 coarsen threshold 1843 Howl Bitmap #cards 512 size 80 coarsen threshold 460 Card regions per heap region 1 cards per card region 2048
 CPUs: 8 total, 8 available
 Memory: 7834M
 Large Page Support: Disabled
 NUMA Support: Disabled
 Compressed Oops: Enabled (32-bit)
 Heap Region Size: 1M
 Heap Min Capacity: 8M
 Heap Initial Capacity: 124M
 Heap Max Capacity: 2G
 Pre-touch: Disabled
 Parallel Workers: 8
 Concurrent Workers: 2
 Concurrent Refinement Workers: 8
 Periodic GC: Disabled
Heap:
 garbage-first heap   total 336896K, used 267942K [0x0000000080000000, 0x0000000100000000)
  region size 1024K, 157 young (160768K), 3 survivors (3072K)
 Metaspace       used 143969K, committed 146240K, reserved 552960K
  class space    used 18000K, committed 19200K, reserved 421888K
GC Heap History (20 events):
Event: 87.279 GC heap before
{Heap before GC invocations=79 (full 0):
 garbage-first heap   total 280576K, used 231038K [0x0000000080000000, 0x0000000100000000)
  region size 1024K, 134 young (137216K), 2 survivors (2048K)
 Metaspace       used 104472K, committed 106368K, reserved 552960K
  class space    used 13248K, committed 14272K, reserved 421888K
}
Event: 87.286 GC heap after
{Heap after GC invocations=80 (full 0):
 garbage-first heap   total 280576K, used 104390K [0x0000000080000000, 0x0000000100000000)
  region size 1024K, 9 young (9216K), 9 survivors (9216K)
 Metaspace       used 104472K, committed 106368K, reserved 552960K
  class space    used 13248K, committed 14272K, reserved 421888K
}
Event: 95.928 GC heap before
{Heap before GC invocations=80 (full 0):
 garbage-first heap   total 280576K, used 230342K [0x0000000080000000, 0x0000000100000000)
  region size 1024K, 132 young (135168K), 9 survivors (9216K)
 Metaspace       used 124373K, committed 126400K, reserved 552960K
  class space    used 15542K, committed 16576K, reserved 421888K
}
Event: 95.940 GC heap after
{Heap after GC invocations=81 (full 0):
 garbage-first heap   total 280576K, used 109696K [0x0000000080000000, 0x0000000100000000)
  region size 1024K, 14 young (14336K), 14 survivors (14336K)
 Metaspace       used 124373K, committed 126400K, reserved 552960K
  class space    used 15542K, committed 16576K, reserved 421888K
}
Event: 115.108 GC heap before
{Heap before GC invocations=81 (full 0):
 garbage-first heap   total 280576K, used 232576K [0x0000000080000000, 0x0000000100000000)
  region size 1024K, 134 young (137216K), 14 survivors (14336K)
 Metaspace       used 127291K, committed 129408K, reserved 552960K
  class space    used 15967K, committed 17088K, reserved 421888K
}
Event: 115.141 GC heap after
{Heap after GC invocations=82 (full 0):
 garbage-first heap   total 280576K, used 112913K [0x0000000080000000, 0x0000000100000000)
  region size 1024K, 9 young (9216K), 9 survivors (9216K)
 Metaspace       used 127291K, committed 129408K, reserved 552960K
  class space    used 15967K, committed 17088K, reserved 421888K
}
Event: 115.726 GC heap before
{Heap before GC invocations=82 (full 0):
 garbage-first heap   total 280576K, used 234769K [0x0000000080000000, 0x0000000100000000)
  region size 1024K, 128 young (131072K), 9 survivors (9216K)
 Metaspace       used 127315K, committed 129408K, reserved 552960K
  class space    used 15970K, committed 17088K, reserved 421888K
}
Event: 115.740 GC heap after
{Heap after GC invocations=83 (full 0):
 garbage-first heap   total 280576K, used 113936K [0x0000000080000000, 0x0000000100000000)
  region size 1024K, 10 young (10240K), 10 survivors (10240K)
 Metaspace       used 127315K, committed 129408K, reserved 552960K
  class space    used 15970K, committed 17088K, reserved 421888K
}
Event: 115.973 GC heap before
{Heap before GC invocations=83 (full 0):
 garbage-first heap   total 280576K, used 236816K [0x0000000080000000, 0x0000000100000000)
  region size 1024K, 130 young (133120K), 10 survivors (10240K)
 Metaspace       used 127315K, committed 129408K, reserved 552960K
  class space    used 15970K, committed 17088K, reserved 421888K
}
Event: 115.990 GC heap after
{Heap after GC invocations=84 (full 0):
 garbage-first heap   total 280576K, used 116364K [0x0000000080000000, 0x0000000100000000)
  region size 1024K, 7 young (7168K), 7 survivors (7168K)
 Metaspace       used 127315K, committed 129408K, reserved 552960K
  class space    used 15970K, committed 17088K, reserved 421888K
}
Event: 116.187 GC heap before
{Heap before GC invocations=84 (full 0):
 garbage-first heap   total 280576K, used 239244K [0x0000000080000000, 0x0000000100000000)
  region size 1024K, 127 young (130048K), 7 survivors (7168K)
 Metaspace       used 127315K, committed 129408K, reserved 552960K
  class space    used 15970K, committed 17088K, reserved 421888K
}
Event: 116.191 GC heap after
{Heap after GC invocations=85 (full 0):
 garbage-first heap   total 280576K, used 117666K [0x0000000080000000, 0x0000000100000000)
  region size 1024K, 9 young (9216K), 9 survivors (9216K)
 Metaspace       used 127315K, committed 129408K, reserved 552960K
  class space    used 15970K, committed 17088K, reserved 421888K
}
Event: 116.444 GC heap before
{Heap before GC invocations=85 (full 0):
 garbage-first heap   total 280576K, used 240546K [0x0000000080000000, 0x0000000100000000)
  region size 1024K, 129 young (132096K), 9 survivors (9216K)
 Metaspace       used 127315K, committed 129408K, reserved 552960K
  class space    used 15970K, committed 17088K, reserved 421888K
}
Event: 116.449 GC heap after
{Heap after GC invocations=86 (full 0):
 garbage-first heap   total 280576K, used 119547K [0x0000000080000000, 0x0000000100000000)
  region size 1024K, 10 young (10240K), 10 survivors (10240K)
 Metaspace       used 127315K, committed 129408K, reserved 552960K
  class space    used 15970K, committed 17088K, reserved 421888K
}
Event: 116.988 GC heap before
{Heap before GC invocations=86 (full 0):
 garbage-first heap   total 280576K, used 241403K [0x0000000080000000, 0x0000000100000000)
  region size 1024K, 129 young (132096K), 10 survivors (10240K)
 Metaspace       used 127330K, committed 129408K, reserved 552960K
  class space    used 15970K, committed 17088K, reserved 421888K
}
Event: 117.001 GC heap after
{Heap after GC invocations=87 (full 0):
 garbage-first heap   total 280576K, used 112298K [0x0000000080000000, 0x0000000100000000)
  region size 1024K, 2 young (2048K), 2 survivors (2048K)
 Metaspace       used 127330K, committed 129408K, reserved 552960K
  class space    used 15970K, committed 17088K, reserved 421888K
}
Event: 119.927 GC heap before
{Heap before GC invocations=87 (full 0):
 garbage-first heap   total 280576K, used 243370K [0x0000000080000000, 0x0000000100000000)
  region size 1024K, 129 young (132096K), 2 survivors (2048K)
 Metaspace       used 129255K, committed 131456K, reserved 552960K
  class space    used 16127K, committed 17280K, reserved 421888K
}
Event: 119.938 GC heap after
{Heap after GC invocations=88 (full 0):
 garbage-first heap   total 336896K, used 119713K [0x0000000080000000, 0x0000000100000000)
  region size 1024K, 9 young (9216K), 9 survivors (9216K)
 Metaspace       used 129255K, committed 131456K, reserved 552960K
  class space    used 16127K, committed 17280K, reserved 421888K
}
Event: 125.327 GC heap before
{Heap before GC invocations=88 (full 0):
 garbage-first heap   total 336896K, used 216993K [0x0000000080000000, 0x0000000100000000)
  region size 1024K, 105 young (107520K), 9 survivors (9216K)
 Metaspace       used 134480K, committed 136640K, reserved 552960K
  class space    used 16826K, committed 17984K, reserved 421888K
}
Event: 125.337 GC heap after
{Heap after GC invocations=89 (full 0):
 garbage-first heap   total 336896K, used 113318K [0x0000000080000000, 0x0000000100000000)
  region size 1024K, 3 young (3072K), 3 survivors (3072K)
 Metaspace       used 134480K, committed 136640K, reserved 552960K
  class space    used 16826K, committed 17984K, reserved 421888K
}

