# JRE version: OpenJDK Runtime Environment Temurin-17.0.13+11 (17.0.13+11) (build 17.0.13+11)
# Java VM: OpenJDK 64-Bit Server VM Temurin-17.0.13+11 (17.0.13+11, mixed mode, tiered, compressed oops, compressed class ptrs, parallel gc, windows-amd64)
GC Precious Log:
 CPUs: 8 total, 8 available
 Memory: 7834M
 Large Page Support: Disabled
 NUMA Support: Disabled
 Compressed Oops: Enabled (32-bit)
 Alignments: Space 512K, Generation 512K, Heap 2M
 Heap Min Capacity: 100M
 Heap Initial Capacity: 100M
 Heap Max Capacity: 1G
 Pre-touch: Disabled
 Parallel Workers: 8
Heap:
 PSYoungGen      total 14336K, used 5868K [0x00000000eab00000, 0x00000000ebd00000, 0x0000000100000000)
  eden space 13824K, 39% used [0x00000000eab00000,0x00000000eb05b270,0x00000000eb880000)
  from space 512K, 75% used [0x00000000ebc00000,0x00000000ebc60000,0x00000000ebc80000)
  to   space 512K, 0% used [0x00000000ebc80000,0x00000000ebc80000,0x00000000ebd00000)
 ParOldGen       total 68608K, used 51573K [0x00000000c0000000, 0x00000000c4300000, 0x00000000eab00000)
  object space 68608K, 75% used [0x00000000c0000000,0x00000000c325d638,0x00000000c4300000)
 Metaspace       used 75044K, committed 76160K, reserved 1179648K
  class space    used 9145K, committed 9664K, reserved 1048576K
GC Heap History (20 events):
Event: 691.655 GC heap before
{Heap before GC invocations=73 (full 3):
 PSYoungGen      total 14848K, used 14756K [0x00000000eab00000, 0x00000000ebe00000, 0x0000000100000000)
  eden space 13824K, 100% used [0x00000000eab00000,0x00000000eb880000,0x00000000eb880000)
  from space 1024K, 91% used [0x00000000ebc80000,0x00000000ebd69078,0x00000000ebd80000)
  to   space 512K, 0% used [0x00000000ebd80000,0x00000000ebd80000,0x00000000ebe00000)
 ParOldGen       total 68608K, used 49291K [0x00000000c0000000, 0x00000000c4300000, 0x00000000eab00000)
  object space 68608K, 71% used [0x00000000c0000000,0x00000000c3022d48,0x00000000c4300000)
 Metaspace       used 73184K, committed 74240K, reserved 1114112K
  class space    used 8923K, committed 9408K, reserved 1048576K
}
Event: 691.656 GC heap after
{Heap after GC invocations=73 (full 3):
 PSYoungGen      total 14336K, used 192K [0x00000000eab00000, 0x00000000ebe00000, 0x0000000100000000)
  eden space 13824K, 0% used [0x00000000eab00000,0x00000000eab00000,0x00000000eb880000)
  from space 512K, 37% used [0x00000000ebd80000,0x00000000ebdb0000,0x00000000ebe00000)
  to   space 512K, 0% used [0x00000000ebd00000,0x00000000ebd00000,0x00000000ebd80000)
 ParOldGen       total 68608K, used 49588K [0x00000000c0000000, 0x00000000c4300000, 0x00000000eab00000)
  object space 68608K, 72% used [0x00000000c0000000,0x00000000c306d070,0x00000000c4300000)
 Metaspace       used 73184K, committed 74240K, reserved 1114112K
  class space    used 8923K, committed 9408K, reserved 1048576K
}
Event: 691.764 GC heap before
{Heap before GC invocations=74 (full 3):
 PSYoungGen      total 14336K, used 14016K [0x00000000eab00000, 0x00000000ebe00000, 0x0000000100000000)
  eden space 13824K, 100% used [0x00000000eab00000,0x00000000eb880000,0x00000000eb880000)
  from space 512K, 37% used [0x00000000ebd80000,0x00000000ebdb0000,0x00000000ebe00000)
  to   space 512K, 0% used [0x00000000ebd00000,0x00000000ebd00000,0x00000000ebd80000)
 ParOldGen       total 68608K, used 49588K [0x00000000c0000000, 0x00000000c4300000, 0x00000000eab00000)
  object space 68608K, 72% used [0x00000000c0000000,0x00000000c306d070,0x00000000c4300000)
 Metaspace       used 73184K, committed 74240K, reserved 1114112K
  class space    used 8923K, committed 9408K, reserved 1048576K
}
Event: 691.765 GC heap after
{Heap after GC invocations=74 (full 3):
 PSYoungGen      total 14336K, used 511K [0x00000000eab00000, 0x00000000ebe00000, 0x0000000100000000)
  eden space 13824K, 0% used [0x00000000eab00000,0x00000000eab00000,0x00000000eb880000)
  from space 512K, 99% used [0x00000000ebd00000,0x00000000ebd7ff50,0x00000000ebd80000)
  to   space 512K, 0% used [0x00000000ebd80000,0x00000000ebd80000,0x00000000ebe00000)
 ParOldGen       total 68608K, used 50369K [0x00000000c0000000, 0x00000000c4300000, 0x00000000eab00000)
  object space 68608K, 73% used [0x00000000c0000000,0x00000000c31307e8,0x00000000c4300000)
 Metaspace       used 73184K, committed 74240K, reserved 1114112K
  class space    used 8923K, committed 9408K, reserved 1048576K
}
Event: 691.873 GC heap before
{Heap before GC invocations=75 (full 3):
 PSYoungGen      total 14336K, used 14335K [0x00000000eab00000, 0x00000000ebe00000, 0x0000000100000000)
  eden space 13824K, 100% used [0x00000000eab00000,0x00000000eb880000,0x00000000eb880000)
  from space 512K, 99% used [0x00000000ebd00000,0x00000000ebd7ff50,0x00000000ebd80000)
  to   space 512K, 0% used [0x00000000ebd80000,0x00000000ebd80000,0x00000000ebe00000)
 ParOldGen       total 68608K, used 50369K [0x00000000c0000000, 0x00000000c4300000, 0x00000000eab00000)
  object space 68608K, 73% used [0x00000000c0000000,0x00000000c31307e8,0x00000000c4300000)
 Metaspace       used 73184K, committed 74240K, reserved 1114112K
  class space    used 8923K, committed 9408K, reserved 1048576K
}
Event: 691.874 GC heap after
{Heap after GC invocations=75 (full 3):
 PSYoungGen      total 14336K, used 288K [0x00000000eab00000, 0x00000000ebe00000, 0x0000000100000000)
  eden space 13824K, 0% used [0x00000000eab00000,0x00000000eab00000,0x00000000eb880000)
  from space 512K, 56% used [0x00000000ebd80000,0x00000000ebdc8000,0x00000000ebe00000)
  to   space 1024K, 0% used [0x00000000ebc00000,0x00000000ebc00000,0x00000000ebd00000)
 ParOldGen       total 68608K, used 50409K [0x00000000c0000000, 0x00000000c4300000, 0x00000000eab00000)
  object space 68608K, 73% used [0x00000000c0000000,0x00000000c313a7e8,0x00000000c4300000)
 Metaspace       used 73184K, committed 74240K, reserved 1114112K
  class space    used 8923K, committed 9408K, reserved 1048576K
}
Event: 691.953 GC heap before
{Heap before GC invocations=76 (full 3):
 PSYoungGen      total 14336K, used 14110K [0x00000000eab00000, 0x00000000ebe00000, 0x0000000100000000)
  eden space 13824K, 99% used [0x00000000eab00000,0x00000000eb87f830,0x00000000eb880000)
  from space 512K, 56% used [0x00000000ebd80000,0x00000000ebdc8000,0x00000000ebe00000)
  to   space 1024K, 0% used [0x00000000ebc00000,0x00000000ebc00000,0x00000000ebd00000)
 ParOldGen       total 68608K, used 50409K [0x00000000c0000000, 0x00000000c4300000, 0x00000000eab00000)
  object space 68608K, 73% used [0x00000000c0000000,0x00000000c313a7e8,0x00000000c4300000)
 Metaspace       used 73184K, committed 74240K, reserved 1114112K
  class space    used 8923K, committed 9408K, reserved 1048576K
}
Event: 691.954 GC heap after
{Heap after GC invocations=76 (full 3):
 PSYoungGen      total 14848K, used 1011K [0x00000000eab00000, 0x00000000ebe00000, 0x0000000100000000)
  eden space 13824K, 0% used [0x00000000eab00000,0x00000000eab00000,0x00000000eb880000)
  from space 1024K, 98% used [0x00000000ebc00000,0x00000000ebcfce88,0x00000000ebd00000)
  to   space 1024K, 0% used [0x00000000ebd00000,0x00000000ebd00000,0x00000000ebe00000)
 ParOldGen       total 68608K, used 50576K [0x00000000c0000000, 0x00000000c4300000, 0x00000000eab00000)
  object space 68608K, 73% used [0x00000000c0000000,0x00000000c3164018,0x00000000c4300000)
 Metaspace       used 73184K, committed 74240K, reserved 1114112K
  class space    used 8923K, committed 9408K, reserved 1048576K
}
Event: 692.120 GC heap before
{Heap before GC invocations=77 (full 3):
 PSYoungGen      total 14848K, used 14835K [0x00000000eab00000, 0x00000000ebe00000, 0x0000000100000000)
  eden space 13824K, 100% used [0x00000000eab00000,0x00000000eb880000,0x00000000eb880000)
  from space 1024K, 98% used [0x00000000ebc00000,0x00000000ebcfce88,0x00000000ebd00000)
  to   space 1024K, 0% used [0x00000000ebd00000,0x00000000ebd00000,0x00000000ebe00000)
 ParOldGen       total 68608K, used 50576K [0x00000000c0000000, 0x00000000c4300000, 0x00000000eab00000)
  object space 68608K, 73% used [0x00000000c0000000,0x00000000c3164018,0x00000000c4300000)
 Metaspace       used 73184K, committed 74240K, reserved 1114112K
  class space    used 8923K, committed 9408K, reserved 1048576K
}
Event: 692.121 GC heap after
{Heap after GC invocations=77 (full 3):
 PSYoungGen      total 14336K, used 378K [0x00000000eab00000, 0x00000000ebd80000, 0x0000000100000000)
  eden space 13824K, 0% used [0x00000000eab00000,0x00000000eab00000,0x00000000eb880000)
  from space 512K, 73% used [0x00000000ebd00000,0x00000000ebd5ea48,0x00000000ebd80000)
  to   space 1024K, 0% used [0x00000000ebb80000,0x00000000ebb80000,0x00000000ebc80000)
 ParOldGen       total 68608K, used 50624K [0x00000000c0000000, 0x00000000c4300000, 0x00000000eab00000)
  object space 68608K, 73% used [0x00000000c0000000,0x00000000c3170018,0x00000000c4300000)
 Metaspace       used 73184K, committed 74240K, reserved 1114112K
  class space    used 8923K, committed 9408K, reserved 1048576K
}
Event: 692.283 GC heap before
{Heap before GC invocations=78 (full 3):
 PSYoungGen      total 14336K, used 14202K [0x00000000eab00000, 0x00000000ebd80000, 0x0000000100000000)
  eden space 13824K, 100% used [0x00000000eab00000,0x00000000eb880000,0x00000000eb880000)
  from space 512K, 73% used [0x00000000ebd00000,0x00000000ebd5ea48,0x00000000ebd80000)
  to   space 1024K, 0% used [0x00000000ebb80000,0x00000000ebb80000,0x00000000ebc80000)
 ParOldGen       total 68608K, used 50624K [0x00000000c0000000, 0x00000000c4300000, 0x00000000eab00000)
  object space 68608K, 73% used [0x00000000c0000000,0x00000000c3170018,0x00000000c4300000)
 Metaspace       used 73184K, committed 74240K, reserved 1114112K
  class space    used 8923K, committed 9408K, reserved 1048576K
}
Event: 692.285 GC heap after
{Heap after GC invocations=78 (full 3):
 PSYoungGen      total 14848K, used 821K [0x00000000eab00000, 0x00000000ebd80000, 0x0000000100000000)
  eden space 13824K, 0% used [0x00000000eab00000,0x00000000eab00000,0x00000000eb880000)
  from space 1024K, 80% used [0x00000000ebb80000,0x00000000ebc4d480,0x00000000ebc80000)
  to   space 1024K, 0% used [0x00000000ebc80000,0x00000000ebc80000,0x00000000ebd80000)
 ParOldGen       total 68608K, used 50978K [0x00000000c0000000, 0x00000000c4300000, 0x00000000eab00000)
  object space 68608K, 74% used [0x00000000c0000000,0x00000000c31c8bb8,0x00000000c4300000)
 Metaspace       used 73184K, committed 74240K, reserved 1114112K
  class space    used 8923K, committed 9408K, reserved 1048576K
}
Event: 692.429 GC heap before
{Heap before GC invocations=79 (full 3):
 PSYoungGen      total 14848K, used 14645K [0x00000000eab00000, 0x00000000ebd80000, 0x0000000100000000)
  eden space 13824K, 100% used [0x00000000eab00000,0x00000000eb880000,0x00000000eb880000)
  from space 1024K, 80% used [0x00000000ebb80000,0x00000000ebc4d480,0x00000000ebc80000)
  to   space 1024K, 0% used [0x00000000ebc80000,0x00000000ebc80000,0x00000000ebd80000)
 ParOldGen       total 68608K, used 50978K [0x00000000c0000000, 0x00000000c4300000, 0x00000000eab00000)
  object space 68608K, 74% used [0x00000000c0000000,0x00000000c31c8bb8,0x00000000c4300000)
 Metaspace       used 73184K, committed 74240K, reserved 1114112K
  class space    used 8923K, committed 9408K, reserved 1048576K
}
Event: 692.431 GC heap after
{Heap after GC invocations=79 (full 3):
 PSYoungGen      total 14848K, used 840K [0x00000000eab00000, 0x00000000ebd80000, 0x0000000100000000)
  eden space 13824K, 0% used [0x00000000eab00000,0x00000000eab00000,0x00000000eb880000)
  from space 1024K, 82% used [0x00000000ebc80000,0x00000000ebd52308,0x00000000ebd80000)
  to   space 1024K, 0% used [0x00000000ebb80000,0x00000000ebb80000,0x00000000ebc80000)
 ParOldGen       total 68608K, used 51026K [0x00000000c0000000, 0x00000000c4300000, 0x00000000eab00000)
  object space 68608K, 74% used [0x00000000c0000000,0x00000000c31d4bc8,0x00000000c4300000)
 Metaspace       used 73184K, committed 74240K, reserved 1114112K
  class space    used 8923K, committed 9408K, reserved 1048576K
}
Event: 692.515 GC heap before
{Heap before GC invocations=80 (full 3):
 PSYoungGen      total 14848K, used 14664K [0x00000000eab00000, 0x00000000ebd80000, 0x0000000100000000)
  eden space 13824K, 100% used [0x00000000eab00000,0x00000000eb880000,0x00000000eb880000)
  from space 1024K, 82% used [0x00000000ebc80000,0x00000000ebd52308,0x00000000ebd80000)
  to   space 1024K, 0% used [0x00000000ebb80000,0x00000000ebb80000,0x00000000ebc80000)
 ParOldGen       total 68608K, used 51026K [0x00000000c0000000, 0x00000000c4300000, 0x00000000eab00000)
  object space 68608K, 74% used [0x00000000c0000000,0x00000000c31d4bc8,0x00000000c4300000)
 Metaspace       used 73184K, committed 74240K, reserved 1114112K
  class space    used 8923K, committed 9408K, reserved 1048576K
}
Event: 692.516 GC heap after
{Heap after GC invocations=80 (full 3):
 PSYoungGen      total 14848K, used 160K [0x00000000eab00000, 0x00000000ebd00000, 0x0000000100000000)
  eden space 13824K, 0% used [0x00000000eab00000,0x00000000eab00000,0x00000000eb880000)
  from space 1024K, 15% used [0x00000000ebb80000,0x00000000ebba8000,0x00000000ebc80000)
  to   space 512K, 0% used [0x00000000ebc80000,0x00000000ebc80000,0x00000000ebd00000)
 ParOldGen       total 68608K, used 51201K [0x00000000c0000000, 0x00000000c4300000, 0x00000000eab00000)
  object space 68608K, 74% used [0x00000000c0000000,0x00000000c32005e8,0x00000000c4300000)
 Metaspace       used 73184K, committed 74240K, reserved 1114112K
  class space    used 8923K, committed 9408K, reserved 1048576K
}
Event: 698.510 GC heap before
{Heap before GC invocations=81 (full 3):
 PSYoungGen      total 14848K, used 13984K [0x00000000eab00000, 0x00000000ebd00000, 0x0000000100000000)
  eden space 13824K, 100% used [0x00000000eab00000,0x00000000eb880000,0x00000000eb880000)
  from space 1024K, 15% used [0x00000000ebb80000,0x00000000ebba8000,0x00000000ebc80000)
  to   space 512K, 0% used [0x00000000ebc80000,0x00000000ebc80000,0x00000000ebd00000)
 ParOldGen       total 68608K, used 51201K [0x00000000c0000000, 0x00000000c4300000, 0x00000000eab00000)
  object space 68608K, 74% used [0x00000000c0000000,0x00000000c32005e8,0x00000000c4300000)
 Metaspace       used 74376K, committed 75392K, reserved 1179648K
  class space    used 9094K, committed 9536K, reserved 1048576K
}
Event: 698.512 GC heap after
{Heap after GC invocations=81 (full 3):
 PSYoungGen      total 14336K, used 448K [0x00000000eab00000, 0x00000000ebd00000, 0x0000000100000000)
  eden space 13824K, 0% used [0x00000000eab00000,0x00000000eab00000,0x00000000eb880000)
  from space 512K, 87% used [0x00000000ebc80000,0x00000000ebcf0010,0x00000000ebd00000)
  to   space 512K, 0% used [0x00000000ebc00000,0x00000000ebc00000,0x00000000ebc80000)
 ParOldGen       total 68608K, used 51257K [0x00000000c0000000, 0x00000000c4300000, 0x00000000eab00000)
  object space 68608K, 74% used [0x00000000c0000000,0x00000000c320e5f8,0x00000000c4300000)
 Metaspace       used 74376K, committed 75392K, reserved 1179648K
  class space    used 9094K, committed 9536K, reserved 1048576K
}
Event: 808.238 GC heap before
{Heap before GC invocations=82 (full 3):
 PSYoungGen      total 14336K, used 14272K [0x00000000eab00000, 0x00000000ebd00000, 0x0000000100000000)
  eden space 13824K, 100% used [0x00000000eab00000,0x00000000eb880000,0x00000000eb880000)
  from space 512K, 87% used [0x00000000ebc80000,0x00000000ebcf0010,0x00000000ebd00000)
  to   space 512K, 0% used [0x00000000ebc00000,0x00000000ebc00000,0x00000000ebc80000)
 ParOldGen       total 68608K, used 51257K [0x00000000c0000000, 0x00000000c4300000, 0x00000000eab00000)
  object space 68608K, 74% used [0x00000000c0000000,0x00000000c320e5f8,0x00000000c4300000)
 Metaspace       used 74959K, committed 76032K, reserved 1179648K
  class space    used 9142K, committed 9664K, reserved 1048576K
}
Event: 808.285 GC heap after
{Heap after GC invocations=82 (full 3):
 PSYoungGen      total 14336K, used 384K [0x00000000eab00000, 0x00000000ebd00000, 0x0000000100000000)
  eden space 13824K, 0% used [0x00000000eab00000,0x00000000eab00000,0x00000000eb880000)
  from space 512K, 75% used [0x00000000ebc00000,0x00000000ebc60000,0x00000000ebc80000)
  to   space 512K, 0% used [0x00000000ebc80000,0x00000000ebc80000,0x00000000ebd00000)
 ParOldGen       total 68608K, used 51573K [0x00000000c0000000, 0x00000000c4300000, 0x00000000eab00000)
  object space 68608K, 75% used [0x00000000c0000000,0x00000000c325d638,0x00000000c4300000)
 Metaspace       used 74959K, committed 76032K, reserved 1179648K
  class space    used 9142K, committed 9664K, reserved 1048576K
}

