# JRE version: Java(TM) SE Runtime Environment (19.0.2+7) (build 19.0.2+7-44)
# Java VM: Java HotSpot(TM) 64-Bit Server VM (19.0.2+7-44, mixed mode, sharing, tiered, compressed oops, compressed class ptrs, g1 gc, windows-amd64)
GC Precious Log:
 CardTable entry size: 512
 Card Set container configuration: InlinePtr #cards 5 size 8 Array Of Cards #cards 12 size 40 Howl #buckets 4 coarsen threshold 1843 Howl Bitmap #cards 512 size 80 coarsen threshold 460 Card regions per heap region 1 cards per card region 2048
 CPUs: 8 total, 8 available
 Memory: 7834M
 Large Page Support: Disabled
 NUMA Support: Disabled
 Compressed Oops: Enabled (32-bit)
 Heap Region Size: 1M
 Heap Min Capacity: 8M
 Heap Initial Capacity: 124M
 Heap Max Capacity: 2G
 Pre-touch: Disabled
 Parallel Workers: 8
 Concurrent Workers: 2
 Concurrent Refinement Workers: 8
 Periodic GC: Disabled
Heap:
 garbage-first heap   total 156672K, used 67511K [0x0000000080000000, 0x0000000100000000)
  region size 1024K, 7 young (7168K), 7 survivors (7168K)
 Metaspace       used 68812K, committed 70656K, reserved 487424K
  class space    used 9442K, committed 10432K, reserved 421888K
GC Heap History (20 events):
Event: 14.795 GC heap after
{Heap after GC invocations=14 (full 0):
 garbage-first heap   total 156672K, used 38676K [0x0000000080000000, 0x0000000100000000)
  region size 1024K, 4 young (4096K), 4 survivors (4096K)
 Metaspace       used 42665K, committed 44096K, reserved 487424K
  class space    used 5880K, committed 6592K, reserved 421888K
}
Event: 16.299 GC heap before
{Heap before GC invocations=14 (full 0):
 garbage-first heap   total 156672K, used 117524K [0x0000000080000000, 0x0000000100000000)
  region size 1024K, 81 young (82944K), 4 survivors (4096K)
 Metaspace       used 48602K, committed 50176K, reserved 487424K
  class space    used 6817K, committed 7680K, reserved 421888K
}
Event: 16.305 GC heap after
{Heap after GC invocations=15 (full 0):
 garbage-first heap   total 156672K, used 41035K [0x0000000080000000, 0x0000000100000000)
  region size 1024K, 6 young (6144K), 6 survivors (6144K)
 Metaspace       used 48602K, committed 50176K, reserved 487424K
  class space    used 6817K, committed 7680K, reserved 421888K
}
Event: 17.996 GC heap before
{Heap before GC invocations=15 (full 0):
 garbage-first heap   total 156672K, used 125003K [0x0000000080000000, 0x0000000100000000)
  region size 1024K, 86 young (88064K), 6 survivors (6144K)
 Metaspace       used 57730K, committed 59584K, reserved 487424K
  class space    used 7995K, committed 8960K, reserved 421888K
}
Event: 18.005 GC heap after
{Heap after GC invocations=16 (full 0):
 garbage-first heap   total 156672K, used 45379K [0x0000000080000000, 0x0000000100000000)
  region size 1024K, 10 young (10240K), 10 survivors (10240K)
 Metaspace       used 57730K, committed 59584K, reserved 487424K
  class space    used 7995K, committed 8960K, reserved 421888K
}
Event: 18.198 GC heap before
{Heap before GC invocations=16 (full 0):
 garbage-first heap   total 156672K, used 55619K [0x0000000080000000, 0x0000000100000000)
  region size 1024K, 21 young (21504K), 10 survivors (10240K)
 Metaspace       used 58515K, committed 60288K, reserved 487424K
  class space    used 8139K, committed 9088K, reserved 421888K
}
Event: 18.206 GC heap after
{Heap after GC invocations=17 (full 0):
 garbage-first heap   total 156672K, used 46334K [0x0000000080000000, 0x0000000100000000)
  region size 1024K, 6 young (6144K), 6 survivors (6144K)
 Metaspace       used 58515K, committed 60288K, reserved 487424K
  class space    used 8139K, committed 9088K, reserved 421888K
}
Event: 27.920 GC heap before
{Heap before GC invocations=18 (full 0):
 garbage-first heap   total 156672K, used 122110K [0x0000000080000000, 0x0000000100000000)
  region size 1024K, 81 young (82944K), 6 survivors (6144K)
 Metaspace       used 67626K, committed 69440K, reserved 487424K
  class space    used 9173K, committed 10112K, reserved 421888K
}
Event: 27.933 GC heap after
{Heap after GC invocations=19 (full 0):
 garbage-first heap   total 156672K, used 51601K [0x0000000080000000, 0x0000000100000000)
  region size 1024K, 11 young (11264K), 11 survivors (11264K)
 Metaspace       used 67626K, committed 69440K, reserved 487424K
  class space    used 9173K, committed 10112K, reserved 421888K
}
Event: 28.038 GC heap before
{Heap before GC invocations=19 (full 0):
 garbage-first heap   total 156672K, used 52625K [0x0000000080000000, 0x0000000100000000)
  region size 1024K, 12 young (12288K), 11 survivors (11264K)
 Metaspace       used 67626K, committed 69440K, reserved 487424K
  class space    used 9173K, committed 10112K, reserved 421888K
}
Event: 28.045 GC heap after
{Heap after GC invocations=20 (full 0):
 garbage-first heap   total 156672K, used 51947K [0x0000000080000000, 0x0000000100000000)
  region size 1024K, 2 young (2048K), 2 survivors (2048K)
 Metaspace       used 67626K, committed 69440K, reserved 487424K
  class space    used 9173K, committed 10112K, reserved 421888K
}
Event: 170.507 GC heap before
{Heap before GC invocations=20 (full 0):
 garbage-first heap   total 156672K, used 127723K [0x0000000080000000, 0x0000000100000000)
  region size 1024K, 71 young (72704K), 2 survivors (2048K)
 Metaspace       used 68732K, committed 70592K, reserved 487424K
  class space    used 9442K, committed 10432K, reserved 421888K
}
Event: 170.758 GC heap after
{Heap after GC invocations=21 (full 0):
 garbage-first heap   total 156672K, used 59227K [0x0000000080000000, 0x0000000100000000)
  region size 1024K, 3 young (3072K), 3 survivors (3072K)
 Metaspace       used 68732K, committed 70592K, reserved 487424K
  class space    used 9442K, committed 10432K, reserved 421888K
}
Event: 171.844 GC heap before
{Heap before GC invocations=21 (full 0):
 garbage-first heap   total 156672K, used 124763K [0x0000000080000000, 0x0000000100000000)
  region size 1024K, 68 young (69632K), 3 survivors (3072K)
 Metaspace       used 68780K, committed 70592K, reserved 487424K
  class space    used 9442K, committed 10432K, reserved 421888K
}
Event: 171.874 GC heap after
{Heap after GC invocations=22 (full 0):
 garbage-first heap   total 156672K, used 61847K [0x0000000080000000, 0x0000000100000000)
  region size 1024K, 6 young (6144K), 6 survivors (6144K)
 Metaspace       used 68780K, committed 70592K, reserved 487424K
  class space    used 9442K, committed 10432K, reserved 421888K
}
Event: 172.254 GC heap before
{Heap before GC invocations=22 (full 0):
 garbage-first heap   total 156672K, used 125335K [0x0000000080000000, 0x0000000100000000)
  region size 1024K, 69 young (70656K), 6 survivors (6144K)
 Metaspace       used 68808K, committed 70656K, reserved 487424K
  class space    used 9442K, committed 10432K, reserved 421888K
}
Event: 172.578 GC heap after
{Heap after GC invocations=23 (full 0):
 garbage-first heap   total 156672K, used 63264K [0x0000000080000000, 0x0000000100000000)
  region size 1024K, 5 young (5120K), 5 survivors (5120K)
 Metaspace       used 68808K, committed 70656K, reserved 487424K
  class space    used 9442K, committed 10432K, reserved 421888K
}
Event: 172.956 GC heap before
{Heap before GC invocations=23 (full 0):
 garbage-first heap   total 156672K, used 127776K [0x0000000080000000, 0x0000000100000000)
  region size 1024K, 69 young (70656K), 5 survivors (5120K)
 Metaspace       used 68812K, committed 70656K, reserved 487424K
  class space    used 9442K, committed 10432K, reserved 421888K
}
Event: 172.965 GC heap after
{Heap after GC invocations=24 (full 0):
 garbage-first heap   total 156672K, used 65577K [0x0000000080000000, 0x0000000100000000)
  region size 1024K, 7 young (7168K), 7 survivors (7168K)
 Metaspace       used 68812K, committed 70656K, reserved 487424K
  class space    used 9442K, committed 10432K, reserved 421888K
}
Event: 173.201 GC heap before
{Heap before GC invocations=24 (full 0):
 garbage-first heap   total 156672K, used 130089K [0x0000000080000000, 0x0000000100000000)
  region size 1024K, 70 young (71680K), 7 survivors (7168K)
 Metaspace       used 68812K, committed 70656K, reserved 487424K
  class space    used 9442K, committed 10432K, reserved 421888K
}

